2017-11-08 11:52:06,227 [main] DEBUG [com.game.draw.App] - Hello World!
2017-11-08 11:52:06,229 [main] INFO  [com.game.draw.App] - 1
2017-11-08 11:52:16,446 [main] DEBUG [com.game.draw.App] - Hello World!
2017-11-08 11:52:16,447 [main] INFO  [com.game.draw.App] - 2
2017-11-08 11:53:00,698 [main] DEBUG [com.game.draw.App] - Hello World!
2017-11-08 11:53:00,699 [main] INFO  [com.game.draw.App] - 2
2017-11-08 11:53:06,637 [main] DEBUG [com.game.draw.App] - Hello World!
2017-11-08 11:53:06,638 [main] INFO  [com.game.draw.App] - 3
2017-11-08 11:53:27,201 [main] DEBUG [com.game.draw.App] - Hello World!
2017-11-08 11:53:27,204 [main] INFO  [com.game.draw.App] - 6
2017-11-08 11:53:56,813 [main] DEBUG [com.game.draw.App] - Hello World!
2017-11-08 11:53:56,814 [main] INFO  [com.game.draw.App] - 6
2017-11-08 11:54:10,330 [main] DEBUG [com.game.draw.App] - Hello World!
2017-11-08 11:54:10,335 [main] INFO  [com.game.draw.App] - 6
2017-11-08 11:54:12,869 [main] DEBUG [com.game.draw.App] - Hello World!
2017-11-08 11:54:12,870 [main] INFO  [com.game.draw.App] - 6
2017-11-08 11:55:05,966 [main] DEBUG [com.game.draw.App] - Hello World!
2017-11-08 11:55:05,971 [main] INFO  [com.game.draw.App] - 6
2017-11-08 11:55:11,042 [main] DEBUG [com.game.draw.App] - Hello World!
2017-11-08 11:55:11,054 [main] INFO  [com.game.draw.App] - 0
2017-11-08 11:55:19,620 [main] DEBUG [com.game.draw.App] - Hello World!
2017-11-08 11:55:19,622 [main] INFO  [com.game.draw.App] - 0
2017-11-08 13:28:35,259 [main] DEBUG [com.game.draw.App] - Hello World!
2017-11-08 13:28:46,266 [main] DEBUG [com.game.draw.App] - Hello World!
2017-11-08 13:28:46,295 [main] INFO  [com.game.draw.App] - 
2017-11-08 13:29:38,870 [main] DEBUG [com.game.draw.App] - Hello World!
2017-11-08 13:31:25,065 [main] DEBUG [com.game.draw.App] - Hello World!
2017-11-08 13:31:29,329 [main] INFO  [com.game.draw.App] - 
2017-11-08 13:31:51,168 [main] DEBUG [com.game.draw.App] - Hello World!
2017-11-08 13:33:01,013 [main] DEBUG [com.game.draw.App] - Hello World!
2017-11-08 13:33:42,405 [main] DEBUG [com.game.draw.App] - Hello World!
2017-11-08 13:34:47,115 [main] DEBUG [com.game.draw.App] - Hello World!
2017-11-08 13:35:39,584 [main] INFO  [com.game.draw.App] - 
2017-11-08 13:36:57,626 [main] DEBUG [com.game.draw.App] - Hello World!
2017-11-08 13:51:44,790 [main] DEBUG [com.game.draw.App] - Hello World!
2017-11-08 13:51:49,241 [main] INFO  [com.game.draw.App] - 
2017-11-08 13:54:13,192 [main] DEBUG [com.game.draw.App] - Hello World!
2017-11-08 13:54:14,151 [main] INFO  [com.game.draw.App] - 
2017-11-08 13:54:28,423 [main] DEBUG [com.game.draw.App] - Hello World!
2017-11-08 13:54:29,461 [main] INFO  [com.game.draw.App] - 
2017-11-08 13:54:49,198 [main] DEBUG [com.game.draw.App] - Hello World!
2017-11-08 13:56:06,090 [main] DEBUG [com.game.draw.App] - Hello World!
2017-11-08 13:56:13,220 [main] INFO  [com.game.draw.App] - 
2017-11-08 13:56:29,158 [main] DEBUG [com.game.draw.App] - Hello World!
2017-11-08 13:56:31,751 [main] INFO  [com.game.draw.App] - 
2017-11-08 13:56:45,297 [main] DEBUG [com.game.draw.App] - Hello World!
2017-11-08 13:56:46,808 [main] INFO  [com.game.draw.App] - 
2017-11-08 13:57:06,883 [main] DEBUG [com.game.draw.App] - Hello World!
2017-11-08 13:57:07,897 [main] INFO  [com.game.draw.App] - 
2017-11-08 13:57:46,679 [main] DEBUG [com.game.draw.App] - Hello World!
2017-11-08 14:00:20,317 [main] DEBUG [com.game.draw.App] - Hello World!
2017-11-08 14:00:27,997 [main] INFO  [com.game.draw.App] - 
2017-11-08 14:03:57,456 [main] DEBUG [com.game.draw.App] - Hello World!
2017-11-08 14:03:58,781 [main] INFO  [com.game.draw.App] - 
2017-11-08 14:04:13,905 [main] DEBUG [com.game.draw.App] - Hello World!
2017-11-08 14:04:15,082 [main] INFO  [com.game.draw.App] - 
2017-11-08 14:08:42,422 [main] DEBUG [com.game.draw.App] - Hello World!
2017-11-08 14:08:43,509 [main] INFO  [com.game.draw.App] - 
2017-11-08 14:08:58,706 [main] DEBUG [com.game.draw.App] - Hello World!
2017-11-08 14:08:59,857 [main] INFO  [com.game.draw.App] - 
2017-11-08 14:10:35,447 [main] DEBUG [com.game.draw.App] - Hello World!
2017-11-08 14:14:08,930 [main] DEBUG [com.game.draw.App] - Hello World!
2017-11-08 14:14:34,043 [main] INFO  [com.game.draw.App] - 
2017-11-08 14:15:00,526 [main] DEBUG [com.game.draw.App] - Hello World!
2017-11-08 14:17:35,950 [main] DEBUG [com.game.draw.App] - Hello World!
2017-11-08 14:17:40,801 [main] INFO  [com.game.draw.App] - 
2017-11-08 14:22:38,756 [main] DEBUG [com.game.draw.App] - Hello World!
2017-11-08 14:22:41,605 [main] INFO  [com.game.draw.App] - 45
2017-11-08 14:24:25,288 [main] DEBUG [com.game.draw.App] - Hello World!
2017-11-08 14:24:25,289 [main] INFO  [com.game.draw.App] - 0,45
2017-11-08 14:24:25,289 [main] INFO  [com.game.draw.App] - 1,90
2017-11-08 14:24:25,289 [main] INFO  [com.game.draw.App] - 2,135
2017-11-08 14:24:25,290 [main] INFO  [com.game.draw.App] - 3,180
2017-11-08 14:24:25,290 [main] INFO  [com.game.draw.App] - 4,225
2017-11-08 14:24:25,290 [main] INFO  [com.game.draw.App] - 5,270
2017-11-08 14:24:25,290 [main] INFO  [com.game.draw.App] - 6,315
2017-11-08 14:24:25,290 [main] INFO  [com.game.draw.App] - 7,360
2017-11-08 14:24:25,290 [main] INFO  [com.game.draw.App] - 8,405
2017-11-08 14:24:25,290 [main] INFO  [com.game.draw.App] - 9,450
2017-11-08 14:24:25,290 [main] INFO  [com.game.draw.App] - 10,495
2017-11-08 14:24:25,290 [main] INFO  [com.game.draw.App] - 11,540
2017-11-08 14:24:25,290 [main] INFO  [com.game.draw.App] - 12,585
2017-11-08 14:24:25,290 [main] INFO  [com.game.draw.App] - 13,630
2017-11-08 14:24:25,291 [main] INFO  [com.game.draw.App] - 14,675
2017-11-08 14:24:25,291 [main] INFO  [com.game.draw.App] - 15,720
2017-11-08 14:24:25,291 [main] INFO  [com.game.draw.App] - 16,765
2017-11-08 14:24:25,291 [main] INFO  [com.game.draw.App] - 17,810
2017-11-08 14:24:25,291 [main] INFO  [com.game.draw.App] - 18,855
2017-11-08 14:24:25,291 [main] INFO  [com.game.draw.App] - 19,900
2017-11-08 14:24:25,291 [main] INFO  [com.game.draw.App] - 20,945
2017-11-08 14:24:25,291 [main] INFO  [com.game.draw.App] - 21,990
2017-11-08 14:24:25,291 [main] INFO  [com.game.draw.App] - 22,1035
2017-11-08 14:24:25,291 [main] INFO  [com.game.draw.App] - 23,1080
2017-11-08 14:24:25,291 [main] INFO  [com.game.draw.App] - 24,1125
2017-11-08 14:24:25,291 [main] INFO  [com.game.draw.App] - 25,1170
2017-11-08 14:24:25,291 [main] INFO  [com.game.draw.App] - 26,1215
2017-11-08 14:24:25,292 [main] INFO  [com.game.draw.App] - 27,1260
2017-11-08 14:24:42,721 [main] DEBUG [com.game.draw.App] - Hello World!
2017-11-08 14:24:42,723 [main] INFO  [com.game.draw.App] - 0,45
2017-11-08 14:24:42,723 [main] INFO  [com.game.draw.App] - 1,45
2017-11-08 14:24:42,723 [main] INFO  [com.game.draw.App] - 2,45
2017-11-08 14:24:42,724 [main] INFO  [com.game.draw.App] - 3,45
2017-11-08 14:24:42,724 [main] INFO  [com.game.draw.App] - 4,45
2017-11-08 14:24:42,724 [main] INFO  [com.game.draw.App] - 5,45
2017-11-08 14:24:42,724 [main] INFO  [com.game.draw.App] - 6,45
2017-11-08 14:24:42,724 [main] INFO  [com.game.draw.App] - 7,45
2017-11-08 14:24:42,724 [main] INFO  [com.game.draw.App] - 8,45
2017-11-08 14:24:42,724 [main] INFO  [com.game.draw.App] - 9,45
2017-11-08 14:24:42,724 [main] INFO  [com.game.draw.App] - 10,45
2017-11-08 14:24:42,724 [main] INFO  [com.game.draw.App] - 11,45
2017-11-08 14:24:42,724 [main] INFO  [com.game.draw.App] - 12,45
2017-11-08 14:24:42,724 [main] INFO  [com.game.draw.App] - 13,45
2017-11-08 14:24:42,724 [main] INFO  [com.game.draw.App] - 14,45
2017-11-08 14:24:42,724 [main] INFO  [com.game.draw.App] - 15,45
2017-11-08 14:24:42,724 [main] INFO  [com.game.draw.App] - 16,45
2017-11-08 14:24:42,724 [main] INFO  [com.game.draw.App] - 17,45
2017-11-08 14:24:42,724 [main] INFO  [com.game.draw.App] - 18,45
2017-11-08 14:24:42,724 [main] INFO  [com.game.draw.App] - 19,45
2017-11-08 14:24:42,725 [main] INFO  [com.game.draw.App] - 20,45
2017-11-08 14:24:42,725 [main] INFO  [com.game.draw.App] - 21,45
2017-11-08 14:24:42,725 [main] INFO  [com.game.draw.App] - 22,45
2017-11-08 14:24:42,725 [main] INFO  [com.game.draw.App] - 23,45
2017-11-08 14:24:42,725 [main] INFO  [com.game.draw.App] - 24,45
2017-11-08 14:24:42,725 [main] INFO  [com.game.draw.App] - 25,45
2017-11-08 14:24:42,725 [main] INFO  [com.game.draw.App] - 26,45
2017-11-08 14:24:42,726 [main] INFO  [com.game.draw.App] - 27,45
2017-11-08 14:25:14,884 [main] DEBUG [com.game.draw.App] - Hello World!
2017-11-08 14:25:14,885 [main] INFO  [com.game.draw.App] - 0,1
2017-11-08 14:25:14,885 [main] INFO  [com.game.draw.App] - 1,3
2017-11-08 14:25:14,885 [main] INFO  [com.game.draw.App] - 2,6
2017-11-08 14:25:14,885 [main] INFO  [com.game.draw.App] - 3,10
2017-11-08 14:25:14,885 [main] INFO  [com.game.draw.App] - 4,15
2017-11-08 14:25:14,886 [main] INFO  [com.game.draw.App] - 5,21
2017-11-08 14:25:14,886 [main] INFO  [com.game.draw.App] - 6,28
2017-11-08 14:25:14,886 [main] INFO  [com.game.draw.App] - 7,36
2017-11-08 14:25:14,886 [main] INFO  [com.game.draw.App] - 8,45
2017-11-08 14:25:14,886 [main] INFO  [com.game.draw.App] - 9,53
2017-11-08 14:25:14,886 [main] INFO  [com.game.draw.App] - 10,60
2017-11-08 14:25:14,886 [main] INFO  [com.game.draw.App] - 11,66
2017-11-08 14:25:14,886 [main] INFO  [com.game.draw.App] - 12,71
2017-11-08 14:25:14,886 [main] INFO  [com.game.draw.App] - 13,75
2017-11-08 14:25:14,886 [main] INFO  [com.game.draw.App] - 14,78
2017-11-08 14:25:14,886 [main] INFO  [com.game.draw.App] - 15,80
2017-11-08 14:25:14,886 [main] INFO  [com.game.draw.App] - 16,81
2017-11-08 14:25:14,886 [main] INFO  [com.game.draw.App] - 17,81
2017-11-08 14:25:14,886 [main] INFO  [com.game.draw.App] - 18,81
2017-11-08 14:25:14,887 [main] INFO  [com.game.draw.App] - 19,81
2017-11-08 14:25:14,887 [main] INFO  [com.game.draw.App] - 20,81
2017-11-08 14:25:14,887 [main] INFO  [com.game.draw.App] - 21,81
2017-11-08 14:25:14,887 [main] INFO  [com.game.draw.App] - 22,81
2017-11-08 14:25:14,887 [main] INFO  [com.game.draw.App] - 23,81
2017-11-08 14:25:14,887 [main] INFO  [com.game.draw.App] - 24,81
2017-11-08 14:25:14,887 [main] INFO  [com.game.draw.App] - 25,81
2017-11-08 14:25:14,887 [main] INFO  [com.game.draw.App] - 26,81
2017-11-08 14:25:14,888 [main] INFO  [com.game.draw.App] - 27,81
2017-11-08 14:30:41,270 [main] DEBUG [com.game.draw.App] - Hello World!
2017-11-08 14:32:12,207 [main] DEBUG [com.game.draw.App] - Hello World!
2017-11-08 14:32:12,208 [main] INFO  [com.game.draw.App] - 0,1
2017-11-08 14:32:12,208 [main] INFO  [com.game.draw.App] - 1,3
2017-11-08 14:32:12,209 [main] INFO  [com.game.draw.App] - 2,6
2017-11-08 14:32:12,209 [main] INFO  [com.game.draw.App] - 3,10
2017-11-08 14:32:12,210 [main] INFO  [com.game.draw.App] - 4,15
2017-11-08 14:32:12,211 [main] INFO  [com.game.draw.App] - 5,21
2017-11-08 14:32:12,213 [main] INFO  [com.game.draw.App] - 6,28
2017-11-08 14:32:12,215 [main] INFO  [com.game.draw.App] - 7,36
2017-11-08 14:32:12,217 [main] INFO  [com.game.draw.App] - 8,45
2017-11-08 14:32:12,218 [main] INFO  [com.game.draw.App] - 9,55
2017-11-08 14:32:12,220 [main] INFO  [com.game.draw.App] - 10,64
2017-11-08 14:32:12,222 [main] INFO  [com.game.draw.App] - 11,72
2017-11-08 14:32:12,224 [main] INFO  [com.game.draw.App] - 12,79
2017-11-08 14:32:12,225 [main] INFO  [com.game.draw.App] - 13,85
2017-11-08 14:32:12,226 [main] INFO  [com.game.draw.App] - 14,90
2017-11-08 14:32:12,227 [main] INFO  [com.game.draw.App] - 15,94
2017-11-08 14:32:12,228 [main] INFO  [com.game.draw.App] - 16,97
2017-11-08 14:32:12,229 [main] INFO  [com.game.draw.App] - 17,99
2017-11-08 14:32:12,230 [main] INFO  [com.game.draw.App] - 18,100
2017-11-08 14:32:12,230 [main] INFO  [com.game.draw.App] - 19,100
2017-11-08 14:32:12,231 [main] INFO  [com.game.draw.App] - 20,100
2017-11-08 14:32:12,232 [main] INFO  [com.game.draw.App] - 21,100
2017-11-08 14:32:12,233 [main] INFO  [com.game.draw.App] - 22,100
2017-11-08 14:32:12,234 [main] INFO  [com.game.draw.App] - 23,100
2017-11-08 14:32:12,235 [main] INFO  [com.game.draw.App] - 24,100
2017-11-08 14:32:12,236 [main] INFO  [com.game.draw.App] - 25,100
2017-11-08 14:32:12,236 [main] INFO  [com.game.draw.App] - 26,100
2017-11-08 14:32:12,238 [main] INFO  [com.game.draw.App] - 27,100
2017-11-08 14:32:38,810 [main] DEBUG [com.game.draw.App] - Hello World!
2017-11-08 14:32:38,811 [main] INFO  [com.game.draw.App] - 0,1
2017-11-08 14:32:38,811 [main] INFO  [com.game.draw.App] - 1,3
2017-11-08 14:32:38,811 [main] INFO  [com.game.draw.App] - 2,6
2017-11-08 14:32:38,811 [main] INFO  [com.game.draw.App] - 3,10
2017-11-08 14:32:38,811 [main] INFO  [com.game.draw.App] - 4,15
2017-11-08 14:32:38,811 [main] INFO  [com.game.draw.App] - 5,21
2017-11-08 14:32:38,811 [main] INFO  [com.game.draw.App] - 6,28
2017-11-08 14:32:38,811 [main] INFO  [com.game.draw.App] - 7,36
2017-11-08 14:32:38,811 [main] INFO  [com.game.draw.App] - 8,45
2017-11-08 14:32:38,811 [main] INFO  [com.game.draw.App] - 9,55
2017-11-08 14:32:38,812 [main] INFO  [com.game.draw.App] - 10,64
2017-11-08 14:32:38,812 [main] INFO  [com.game.draw.App] - 11,72
2017-11-08 14:32:38,812 [main] INFO  [com.game.draw.App] - 12,79
2017-11-08 14:32:38,812 [main] INFO  [com.game.draw.App] - 13,85
2017-11-08 14:32:38,812 [main] INFO  [com.game.draw.App] - 14,90
2017-11-08 14:32:38,812 [main] INFO  [com.game.draw.App] - 15,94
2017-11-08 14:32:38,812 [main] INFO  [com.game.draw.App] - 16,97
2017-11-08 14:32:38,812 [main] INFO  [com.game.draw.App] - 17,99
2017-11-08 14:32:38,812 [main] INFO  [com.game.draw.App] - 18,100
2017-11-08 14:32:38,812 [main] INFO  [com.game.draw.App] - 19,100
2017-11-08 14:32:38,812 [main] INFO  [com.game.draw.App] - 20,100
2017-11-08 14:32:38,812 [main] INFO  [com.game.draw.App] - 21,100
2017-11-08 14:32:38,812 [main] INFO  [com.game.draw.App] - 22,100
2017-11-08 14:32:38,812 [main] INFO  [com.game.draw.App] - 23,100
2017-11-08 14:32:38,813 [main] INFO  [com.game.draw.App] - 24,100
2017-11-08 14:32:38,813 [main] INFO  [com.game.draw.App] - 25,100
2017-11-08 14:32:38,813 [main] INFO  [com.game.draw.App] - 26,100
2017-11-08 14:32:38,814 [main] INFO  [com.game.draw.App] - 27,100
2017-11-08 14:35:02,767 [main] DEBUG [com.game.draw.App] - Hello World!
2017-11-08 14:36:28,467 [main] DEBUG [com.game.draw.App] - Hello World!
2017-11-08 14:36:51,857 [main] DEBUG [com.game.draw.App] - Hello World!
2017-11-08 14:36:51,858 [main] INFO  [com.game.draw.App] - 0,1
2017-11-08 14:36:51,858 [main] INFO  [com.game.draw.App] - 1,3
2017-11-08 14:36:51,858 [main] INFO  [com.game.draw.App] - 2,6
2017-11-08 14:36:51,858 [main] INFO  [com.game.draw.App] - 3,10
2017-11-08 14:36:51,858 [main] INFO  [com.game.draw.App] - 4,15
2017-11-08 14:36:51,858 [main] INFO  [com.game.draw.App] - 5,21
2017-11-08 14:36:51,858 [main] INFO  [com.game.draw.App] - 6,28
2017-11-08 14:36:51,858 [main] INFO  [com.game.draw.App] - 7,36
2017-11-08 14:36:51,859 [main] INFO  [com.game.draw.App] - 8,45
2017-11-08 14:36:51,859 [main] INFO  [com.game.draw.App] - 9,55
2017-11-08 14:36:51,859 [main] INFO  [com.game.draw.App] - 10,63
2017-11-08 14:36:51,859 [main] INFO  [com.game.draw.App] - 11,69
2017-11-08 14:36:51,859 [main] INFO  [com.game.draw.App] - 12,73
2017-11-08 14:36:51,859 [main] INFO  [com.game.draw.App] - 13,75
2017-11-08 14:36:51,859 [main] INFO  [com.game.draw.App] - 14,75
2017-11-08 14:36:51,859 [main] INFO  [com.game.draw.App] - 15,73
2017-11-08 14:36:51,859 [main] INFO  [com.game.draw.App] - 16,69
2017-11-08 14:36:51,859 [main] INFO  [com.game.draw.App] - 17,63
2017-11-08 14:36:51,859 [main] INFO  [com.game.draw.App] - 18,55
2017-11-08 14:36:51,859 [main] INFO  [com.game.draw.App] - 19,45
2017-11-08 14:36:51,859 [main] INFO  [com.game.draw.App] - 20,36
2017-11-08 14:36:51,859 [main] INFO  [com.game.draw.App] - 21,28
2017-11-08 14:36:51,859 [main] INFO  [com.game.draw.App] - 22,21
2017-11-08 14:36:51,859 [main] INFO  [com.game.draw.App] - 23,15
2017-11-08 14:36:51,859 [main] INFO  [com.game.draw.App] - 24,10
2017-11-08 14:36:51,859 [main] INFO  [com.game.draw.App] - 25,6
2017-11-08 14:36:51,859 [main] INFO  [com.game.draw.App] - 26,3
2017-11-08 14:36:51,860 [main] INFO  [com.game.draw.App] - 27,1
2017-11-08 16:24:21,118 [main] DEBUG [com.game.draw.App] - Hello World!
2017-11-08 16:24:21,121 [main] INFO  [com.game.draw.App] - bet=14
2017-11-08 16:24:21,121 [main] INFO  [com.game.draw.App] - win=0
2017-11-08 16:24:21,121 [main] INFO  [com.game.draw.App] - winlvl=0
2017-11-08 16:24:44,776 [main] DEBUG [com.game.draw.App] - Hello World!
2017-11-08 16:24:44,779 [main] INFO  [com.game.draw.App] - bet=14
2017-11-08 16:24:44,779 [main] INFO  [com.game.draw.App] - win=0
2017-11-08 16:24:44,779 [main] INFO  [com.game.draw.App] - winlvl=0
2017-11-08 16:25:31,809 [main] DEBUG [com.game.draw.App] - Hello World!
2017-11-08 16:26:21,914 [main] DEBUG [com.game.draw.App] - Hello World!
2017-11-08 16:26:25,350 [main] INFO  [com.game.draw.App] - bet=14
2017-11-08 16:26:25,350 [main] INFO  [com.game.draw.App] - win=1
2017-11-08 16:26:25,350 [main] INFO  [com.game.draw.App] - winlvl=0
2017-11-08 16:28:41,164 [main] DEBUG [com.game.draw.App] - Hello World!
2017-11-08 16:28:41,177 [main] INFO  [com.game.draw.App] - bet=64
2017-11-08 16:28:41,177 [main] INFO  [com.game.draw.App] - win=1
2017-11-08 16:28:41,177 [main] INFO  [com.game.draw.App] - winlvl=0
2017-11-08 16:29:48,151 [main] DEBUG [com.game.draw.App] - Hello World!
2017-11-08 16:29:48,162 [main] INFO  [com.game.draw.App] - bet=7
2017-11-08 16:29:48,162 [main] INFO  [com.game.draw.App] - win=1
2017-11-08 16:29:48,162 [main] INFO  [com.game.draw.App] - winlvl=0
2017-11-08 16:30:10,391 [main] DEBUG [com.game.draw.App] - Hello World!
2017-11-08 16:30:10,401 [main] INFO  [com.game.draw.App] - bet=15
2017-11-08 16:30:10,401 [main] INFO  [com.game.draw.App] - win=1
2017-11-08 16:30:10,401 [main] INFO  [com.game.draw.App] - winlvl=0
